主题:图片相似度比对
比对时间:2014-09-01 23:32:32
===================================================================
Source ImageName<=>test.png
Target ImageName<=>test.png
比对结果： 完全一致！
===================================================================
Source ImageName<=>不一致照片.png
Target ImageName<=>不一致照片.png
比对结果： 差别非常明显！
===================================================================
Source ImageName<=>王自如.png
Target ImageName<=>王自如.png
比对结果： 非常相似！
===================================================================
Source ImageName<=>魅族.png
Target ImageName<=>魅族.png
比对结果： 有较明显差别！
===================================================================
Source ImageName<=>test.png
Target ImageName<=>test.png
比对结果： 完全一致！
===================================================================
Source ImageName<=>不一致照片.png
Target ImageName<=>不一致照片.png
比对结果： 差别非常明显！
===================================================================
Source ImageName<=>王自如.png
Target ImageName<=>王自如.png
比对结果： 非常相似！
===================================================================
Source ImageName<=>魅族.png
Target ImageName<=>魅族.png
比对结果： 有较明显差别！
===================================================================
